<?xml version="1.0" encoding="UTF-8"?>
<coverage generated="1756108634163" clover="3.2.0">
  <project timestamp="1756108634163" name="All files">
    <metrics statements="32" coveredstatements="4" conditionals="11" coveredconditionals="0" methods="8" coveredmethods="0" elements="51" coveredelements="4" complexity="0" loc="32" ncloc="32" packages="1" files="1" classes="1"/>
    <file name="subscriptions.js" path="C:\OrderzHouse_fork\backend\controller\subscriptions.js">
      <metrics statements="32" coveredstatements="4" conditionals="11" coveredconditionals="0" methods="8" coveredmethods="0"/>
      <line num="1" count="1" type="stmt"/>
      <line num="3" count="1" type="stmt"/>
      <line num="4" count="0" type="stmt"/>
      <line num="6" count="0" type="cond" truecount="0" falsecount="5"/>
      <line num="7" count="0" type="stmt"/>
      <line num="10" count="0" type="stmt"/>
      <line num="11" count="0" type="stmt"/>
      <line num="13" count="0" type="cond" truecount="0" falsecount="2"/>
      <line num="14" count="0" type="stmt"/>
      <line num="17" count="0" type="stmt"/>
      <line num="18" count="0" type="stmt"/>
      <line num="19" count="0" type="stmt"/>
      <line num="20" count="0" type="stmt"/>
      <line num="22" count="0" type="stmt"/>
      <line num="23" count="0" type="stmt"/>
      <line num="26" count="0" type="stmt"/>
      <line num="27" count="0" type="stmt"/>
      <line num="29" count="0" type="stmt"/>
      <line num="30" count="0" type="stmt"/>
      <line num="36" count="0" type="stmt"/>
      <line num="44" count="0" type="stmt"/>
      <line num="52" count="1" type="stmt"/>
      <line num="53" count="0" type="stmt"/>
      <line num="54" count="0" type="cond" truecount="0" falsecount="2"/>
      <line num="55" count="0" type="stmt"/>
      <line num="57" count="0" type="stmt"/>
      <line num="64" count="0" type="stmt"/>
      <line num="66" count="0" type="cond" truecount="0" falsecount="2"/>
      <line num="67" count="0" type="stmt"/>
      <line num="69" count="0" type="stmt"/>
      <line num="75" count="0" type="stmt"/>
      <line num="84" count="1" type="stmt"/>
    </file>
  </project>
</coverage>
