{"C:\\OrderzHouse_fork\\backend\\controller\\subscriptions.js": {"path":"C:\\OrderzHouse_fork\\backend\\controller\\subscriptions.js","statementMap":{"0":{"start":{"line":1,"column":15},"end":{"line":1,"column":38}},"1":{"start":{"line":3,"column":27},"end":{"line":50,"column":1}},"2":{"start":{"line":4,"column":47},"end":{"line":4,"column":55}},"3":{"start":{"line":6,"column":4},"end":{"line":8,"column":5}},"4":{"start":{"line":7,"column":8},"end":{"line":7,"column":116}},"5":{"start":{"line":10,"column":25},"end":{"line":10,"column":67}},"6":{"start":{"line":11,"column":4},"end":{"line":49,"column":11}},"7":{"start":{"line":13,"column":12},"end":{"line":15,"column":13}},"8":{"start":{"line":14,"column":16},"end":{"line":14,"column":91}},"9":{"start":{"line":17,"column":33},"end":{"line":17,"column":56}},"10":{"start":{"line":18,"column":30},"end":{"line":18,"column":40}},"11":{"start":{"line":19,"column":28},"end":{"line":19,"column":47}},"12":{"start":{"line":20,"column":12},"end":{"line":20,"column":66}},"13":{"start":{"line":22,"column":36},"end":{"line":22,"column":73}},"14":{"start":{"line":23,"column":34},"end":{"line":23,"column":69}},"15":{"start":{"line":26,"column":26},"end":{"line":26,"column":136}},"16":{"start":{"line":27,"column":25},"end":{"line":27,"column":89}},"17":{"start":{"line":29,"column":12},"end":{"line":41,"column":15}},"18":{"start":{"line":30,"column":16},"end":{"line":34,"column":19}},"19":{"start":{"line":36,"column":16},"end":{"line":40,"column":19}},"20":{"start":{"line":44,"column":12},"end":{"line":48,"column":15}},"21":{"start":{"line":52,"column":32},"end":{"line":82,"column":1}},"22":{"start":{"line":53,"column":19},"end":{"line":53,"column":36}},"23":{"start":{"line":54,"column":4},"end":{"line":56,"column":5}},"24":{"start":{"line":55,"column":8},"end":{"line":55,"column":87}},"25":{"start":{"line":57,"column":18},"end":{"line":63,"column":5}},"26":{"start":{"line":64,"column":4},"end":{"line":80,"column":11}},"27":{"start":{"line":66,"column":12},"end":{"line":68,"column":13}},"28":{"start":{"line":67,"column":16},"end":{"line":67,"column":113}},"29":{"start":{"line":69,"column":12},"end":{"line":72,"column":15}},"30":{"start":{"line":75,"column":12},"end":{"line":79,"column":15}},"31":{"start":{"line":84,"column":0},"end":{"line":87,"column":2}}},"fnMap":{"0":{"name":"(anonymous_0)","decl":{"start":{"line":3,"column":27},"end":{"line":3,"column":28}},"loc":{"start":{"line":3,"column":41},"end":{"line":50,"column":1}},"line":3},"1":{"name":"(anonymous_1)","decl":{"start":{"line":12,"column":14},"end":{"line":12,"column":15}},"loc":{"start":{"line":12,"column":24},"end":{"line":43,"column":9}},"line":12},"2":{"name":"(anonymous_2)","decl":{"start":{"line":29,"column":41},"end":{"line":29,"column":42}},"loc":{"start":{"line":29,"column":53},"end":{"line":35,"column":13}},"line":29},"3":{"name":"(anonymous_3)","decl":{"start":{"line":35,"column":21},"end":{"line":35,"column":22}},"loc":{"start":{"line":35,"column":30},"end":{"line":41,"column":13}},"line":35},"4":{"name":"(anonymous_4)","decl":{"start":{"line":43,"column":17},"end":{"line":43,"column":18}},"loc":{"start":{"line":43,"column":26},"end":{"line":49,"column":9}},"line":43},"5":{"name":"(anonymous_5)","decl":{"start":{"line":52,"column":32},"end":{"line":52,"column":33}},"loc":{"start":{"line":52,"column":46},"end":{"line":82,"column":1}},"line":52},"6":{"name":"(anonymous_6)","decl":{"start":{"line":65,"column":14},"end":{"line":65,"column":15}},"loc":{"start":{"line":65,"column":24},"end":{"line":73,"column":9}},"line":65},"7":{"name":"(anonymous_7)","decl":{"start":{"line":74,"column":15},"end":{"line":74,"column":16}},"loc":{"start":{"line":74,"column":22},"end":{"line":80,"column":9}},"line":74}},"branchMap":{"0":{"loc":{"start":{"line":6,"column":4},"end":{"line":8,"column":5}},"type":"if","locations":[{"start":{"line":6,"column":4},"end":{"line":8,"column":5}},{"start":{},"end":{}}],"line":6},"1":{"loc":{"start":{"line":6,"column":8},"end":{"line":6,"column":45}},"type":"binary-expr","locations":[{"start":{"line":6,"column":8},"end":{"line":6,"column":22}},{"start":{"line":6,"column":26},"end":{"line":6,"column":34}},{"start":{"line":6,"column":38},"end":{"line":6,"column":45}}],"line":6},"2":{"loc":{"start":{"line":13,"column":12},"end":{"line":15,"column":13}},"type":"if","locations":[{"start":{"line":13,"column":12},"end":{"line":15,"column":13}},{"start":{},"end":{}}],"line":13},"3":{"loc":{"start":{"line":54,"column":4},"end":{"line":56,"column":5}},"type":"if","locations":[{"start":{"line":54,"column":4},"end":{"line":56,"column":5}},{"start":{},"end":{}}],"line":54},"4":{"loc":{"start":{"line":66,"column":12},"end":{"line":68,"column":13}},"type":"if","locations":[{"start":{"line":66,"column":12},"end":{"line":68,"column":13}},{"start":{},"end":{}}],"line":66}},"s":{"0":1,"1":1,"2":0,"3":0,"4":0,"5":0,"6":0,"7":0,"8":0,"9":0,"10":0,"11":0,"12":0,"13":0,"14":0,"15":0,"16":0,"17":0,"18":0,"19":0,"20":0,"21":1,"22":0,"23":0,"24":0,"25":0,"26":0,"27":0,"28":0,"29":0,"30":0,"31":1},"f":{"0":0,"1":0,"2":0,"3":0,"4":0,"5":0,"6":0,"7":0},"b":{"0":[0,0],"1":[0,0,0],"2":[0,0],"3":[0,0],"4":[0,0]},"_coverageSchema":"1a1c01bbd47fc00a2c39e90264f33305004495a9","hash":"dc803bde2acce908bf8544b5ed9890d543b7eac0"}
}
